A51 MACRO ASSEMBLER  E3_X4                                                                08/24/2022 02:16:54 PAGE     1


MACRO ASSEMBLER A51 V8.2.7.0
OBJECT MODULE PLACED IN .\Objects\E3_X4.obj
ASSEMBLER INVOKED BY: C:\Keil_v5\C51\BIN\A51.EXE E3_X4.ASM SET(SMALL) DEBUG PRINT(.\Listings\E3_X4.lst) OBJECT(.\Objects
                      \E3_X4.obj) EP

LOC  OBJ            LINE     SOURCE

                       1     ; Convert a 2-digit hexadecimal number into BCD number.
                       2     
0000                   3     ORG 0000H                               ; ORIGINATE
0000 0102              4     AJMP START                              ; JUMP TO THE LABEL START
                       5     
0002                   6     START:
0002 78AB              7             MOV R0, #0ABH           ; INPUT 2-DIGIT HEXADECIMAL NUMBER, IN DECIMAL RANGE
0004 E8                8             MOV A, R0                       ; COPY TO THE ACCUMULATOR
                       9             
0005 540F             10             ANL A, #0FH                     ; MASK THE UPPER NIBBLE. RETURNS LOWER NIBBLE
0007 F9               11             MOV R1, A                       ; STORE LOWER NIBBLE IN (R1)
                      12                     
0008 E8               13             MOV A, R0                       ; COPY TO THE ACCUMULATOR AGAIN SINCE INPUT IS DEST
                             ROYED
0009 54F0             14             ANL A, #0F0H            ; MASK THE LOWER NIBBLE. RETURNS UPPER NIBBLE
000B C4               15             SWAP A                          ; SWAP THE CURRENT LOWER AND UPPER NIBBLE IN ACCUMU
                             LATOR
000C FA               16             MOV R2, A                       ; STORE UPPER NIBBLE IN (R2)
                      17     
000D                  18     HERE:
000D 80FE             19             SJMP HERE                       ; LOGICAL END
                      20             END
A51 MACRO ASSEMBLER  E3_X4                                                                08/24/2022 02:16:54 PAGE     2

SYMBOL TABLE LISTING
------ ----- -------


N A M E             T Y P E  V A L U E   ATTRIBUTES

HERE . . . . . . .  C ADDR   000DH   A   
START. . . . . . .  C ADDR   0002H   A   


REGISTER BANK(S) USED: 0 


ASSEMBLY COMPLETE.  0 WARNING(S), 0 ERROR(S)
